
PLAY [hpc-master-nodes,hpc-worker-nodes] ***************************************

TASK [Gathering Facts] *********************************************************
ok: [hpc-worker-2]
ok: [hpc-master-1]
ok: [hpc-worker-3]
ok: [hpc-worker-1]

TASK [Import : lustre-client role] *********************************************
included: lustre-client for hpc-master-1, hpc-worker-1, hpc-worker-2, hpc-worker-3

TASK [lustre-client : Include : Run installation tasks] ************************
included: /home/ubuntu/work/hpc-assignment/ansible/roles/lustre-client/tasks/install.yml for hpc-master-1, hpc-worker-1, hpc-worker-2, hpc-worker-3

TASK [lustre-client : Install : Download the FSx signing key] ******************
ok: [hpc-worker-2]
ok: [hpc-worker-3]
ok: [hpc-master-1]
ok: [hpc-worker-1]

TASK [lustre-client : Install : Remove previous dearmored key] *****************
skipping: [hpc-master-1]
skipping: [hpc-worker-1]
skipping: [hpc-worker-2]
skipping: [hpc-worker-3]

TASK [lustre-client : Install : Dearmor FSx signing key] ***********************
skipping: [hpc-master-1]
skipping: [hpc-worker-1]
skipping: [hpc-worker-2]
skipping: [hpc-worker-3]

TASK [lustre-client : Install : Add the FSx repository] ************************
ok: [hpc-worker-3]
ok: [hpc-worker-2]
ok: [hpc-master-1]
ok: [hpc-worker-1]

TASK [lustre-client : Install : Install Lustre-cluent] *************************
ok: [hpc-master-1]
ok: [hpc-worker-2]
ok: [hpc-worker-1]
ok: [hpc-worker-3]

TASK [lustre-client : Install : Mount lustre FSx] ******************************
ok: [hpc-worker-3]
ok: [hpc-worker-1]
ok: [hpc-master-1]
ok: [hpc-worker-2]

TASK [Import : awscli role] ****************************************************
included: awscli for hpc-master-1, hpc-worker-1, hpc-worker-2, hpc-worker-3

TASK [awscli : Include : Run preparation tasks] ********************************
included: /home/ubuntu/work/hpc-assignment/ansible/roles/awscli/tasks/prepare.yml for hpc-master-1, hpc-worker-1, hpc-worker-2, hpc-worker-3

TASK [awscli : Prepare : Remove old version of awscli] *************************
ok: [hpc-worker-3]
ok: [hpc-master-1]
ok: [hpc-worker-1]
ok: [hpc-worker-2]

TASK [awscli : Prepare : Make sure awscli dependencies are installed] **********
ok: [hpc-worker-1]
ok: [hpc-worker-2]
ok: [hpc-master-1]
ok: [hpc-worker-3]

TASK [awscli : Include : Run installation tasks] *******************************
included: /home/ubuntu/work/hpc-assignment/ansible/roles/awscli/tasks/install.yml for hpc-master-1, hpc-worker-1, hpc-worker-2, hpc-worker-3

TASK [awscli : Install : Download latest awscli package] ***********************
ok: [hpc-master-1]
ok: [hpc-worker-1]
ok: [hpc-worker-2]
ok: [hpc-worker-3]

TASK [awscli : Install : Create a directory /tmp/awscli] ***********************
ok: [hpc-worker-1]
ok: [hpc-master-1]
ok: [hpc-worker-3]
ok: [hpc-worker-2]

TASK [awscli : Install : Unarchive awscli to /tmp/awscli] **********************

PLAY [hpc-master-nodes,hpc-worker-nodes] ***************************************
skipping: no hosts matched

PLAY RECAP *********************************************************************


PLAY [hpc_master_nodes,hpc_worker_nodes] ***************************************

TASK [Gathering Facts] *********************************************************
ok: [hpc_worker_3]
ok: [hpc_worker_1]
ok: [hpc_master_1]
ok: [hpc_worker_2]

TASK [Import : lustre-client role] *********************************************
included: lustre-client for hpc_master_1, hpc_worker_1, hpc_worker_2, hpc_worker_3

TASK [lustre-client : Include : Run installation tasks] ************************
included: /home/ubuntu/work/hpc-assignment/ansible/roles/lustre-client/tasks/install.yml for hpc_master_1, hpc_worker_1, hpc_worker_2, hpc_worker_3

TASK [lustre-client : Install : Download the FSx signing key] ******************
ok: [hpc_worker_1]
ok: [hpc_master_1]
ok: [hpc_worker_2]
ok: [hpc_worker_3]

TASK [lustre-client : Install : Remove previous dearmored key] *****************
skipping: [hpc_master_1]
skipping: [hpc_worker_1]
skipping: [hpc_worker_2]
skipping: [hpc_worker_3]

TASK [lustre-client : Install : Dearmor FSx signing key] ***********************
skipping: [hpc_master_1]
skipping: [hpc_worker_1]
skipping: [hpc_worker_2]
skipping: [hpc_worker_3]

TASK [lustre-client : Install : Add the FSx repository] ************************
ok: [hpc_worker_2]
ok: [hpc_worker_1]
ok: [hpc_master_1]
ok: [hpc_worker_3]

TASK [lustre-client : Install : Install Lustre-cluent] *************************
ok: [hpc_master_1]
ok: [hpc_worker_3]
ok: [hpc_worker_2]
ok: [hpc_worker_1]

TASK [lustre-client : Install : Mount lustre FSx] ******************************
ok: [hpc_worker_1]
ok: [hpc_worker_3]
ok: [hpc_master_1]
ok: [hpc_worker_2]

TASK [Import : awscli role] ****************************************************
included: awscli for hpc_master_1, hpc_worker_1, hpc_worker_2, hpc_worker_3

TASK [awscli : Include : Run preparation tasks] ********************************
included: /home/ubuntu/work/hpc-assignment/ansible/roles/awscli/tasks/prepare.yml for hpc_master_1, hpc_worker_1, hpc_worker_2, hpc_worker_3

TASK [awscli : Prepare : Remove old version of awscli] *************************
ok: [hpc_master_1]
ok: [hpc_worker_2]
ok: [hpc_worker_3]
ok: [hpc_worker_1]

TASK [awscli : Prepare : Make sure awscli dependencies are installed] **********
ok: [hpc_worker_1]
ok: [hpc_master_1]
ok: [hpc_worker_3]
ok: [hpc_worker_2]

TASK [awscli : Include : Run installation tasks] *******************************
included: /home/ubuntu/work/hpc-assignment/ansible/roles/awscli/tasks/install.yml for hpc_master_1, hpc_worker_1, hpc_worker_2, hpc_worker_3

TASK [awscli : Install : Download latest awscli package] ***********************
ok: [hpc_worker_1]
ok: [hpc_worker_3]
ok: [hpc_worker_2]
ok: [hpc_master_1]

TASK [awscli : Install : Create a directory /tmp/awscli] ***********************
ok: [hpc_worker_3]
ok: [hpc_worker_1]
ok: [hpc_master_1]
ok: [hpc_worker_2]

TASK [awscli : Install : Unarchive awscli to /tmp/awscli] **********************
changed: [hpc_worker_2]
changed: [hpc_worker_3]
changed: [hpc_master_1]
changed: [hpc_worker_1]

TASK [awscli : Install : Run awscli installation script] ***********************
changed: [hpc_worker_1]
changed: [hpc_master_1]
changed: [hpc_worker_2]
changed: [hpc_worker_3]

TASK [awscli : Include : Run clean-up tasks] ***********************************
included: /home/ubuntu/work/hpc-assignment/ansible/roles/awscli/tasks/cleanup.yml for hpc_master_1, hpc_worker_1, hpc_worker_2, hpc_worker_3

TASK [awscli : Clean-up : Remove unarchived package /tmp/awscli] ***************
fatal: [hpc_master_1]: FAILED! => {"changed": false, "msg": "rmtree failed: [Errno 2] No such file or directory: 'select.cpython-312-x86_64-linux-gnu.so'"}
fatal: [hpc_worker_2]: FAILED! => {"changed": false, "msg": "rmtree failed: [Errno 2] No such file or directory: 'route53domains'"}
fatal: [hpc_worker_3]: FAILED! => {"changed": false, "msg": "rmtree failed: [Errno 2] No such file or directory: 'get-policy-version.rst'"}
changed: [hpc_worker_1]

TASK [awscli : Clean-up : Remove  package archive awscliv2.zip] ****************
changed: [hpc_worker_1]

PLAY RECAP *********************************************************************
hpc_master_1               : ok=17   changed=2    unreachable=0    failed=1    skipped=2    rescued=0    ignored=0   
hpc_worker_1               : ok=19   changed=4    unreachable=0    failed=0    skipped=2    rescued=0    ignored=0   
hpc_worker_2               : ok=17   changed=2    unreachable=0    failed=1    skipped=2    rescued=0    ignored=0   
hpc_worker_3               : ok=17   changed=2    unreachable=0    failed=1    skipped=2    rescued=0    ignored=0   

